<?xml version="1.0" encoding="UTF-8"?>
<!-- Generated by org.testng.reporters.JUnitReportReporter -->
<testsuite hostname="Hexagon" name="com.psx.technology.debug.c3po.content.parser.XDebugDataStructureParserTest" tests="10" failures="0" timestamp="4 Aug 2011 12:09:31 GMT" time="0,859" errors="0">
  <testcase name="parseStringString" time="0,001" classname="com.psx.technology.debug.c3po.content.parser.XDebugDataStructureParserTest"/>
  <testcase name="parseStringReturn" time="0,001" classname="com.psx.technology.debug.c3po.content.parser.XDebugDataStructureParserTest"/>
  <testcase name="parseStringReturn" time="0,841" classname="com.psx.technology.debug.c3po.content.parser.XDebugDataStructureParserTest"/>
  <testcase name="parseStringParameter" time="0,002" classname="com.psx.technology.debug.c3po.content.parser.XDebugDataStructureParserTest"/>
  <testcase name="parseArrayString" time="0,001" classname="com.psx.technology.debug.c3po.content.parser.XDebugDataStructureParserTest"/>
  <testcase name="parseStringString" time="0,001" classname="com.psx.technology.debug.c3po.content.parser.XDebugDataStructureParserTest"/>
  <testcase name="parseStringParameter" time="0,001" classname="com.psx.technology.debug.c3po.content.parser.XDebugDataStructureParserTest"/>
  <testcase name="parseStringString" time="0,000" classname="com.psx.technology.debug.c3po.content.parser.XDebugDataStructureParserTest"/>
  <testcase name="parseArrayString" time="0,010" classname="com.psx.technology.debug.c3po.content.parser.XDebugDataStructureParserTest"/>
  <testcase name="parseObjectString" time="0,001" classname="com.psx.technology.debug.c3po.content.parser.XDebugDataStructureParserTest"/>
</testsuite>
